(1668249200.164919) vcan0 0CF013FE#9D3013490487740B
(1668249201.165302) vcan0 18FE52FE#A34A7A5F74227A73
(1668249202.165833) vcan0 0C1DFEFE#BB5D2860CACD9A7F
(1668249203.166479) vcan0 18FEC1FE#94849C1D7BB0E474
(1668249204.167080) vcan0 18FEBFFE#C33D8224A075A01D
(1668249205.167628) vcan0 18FE6AFE#61D90B5014480E6C
(1668249206.167942) vcan0 18FE69FE#EAA88912C9154B34
(1668249207.168314) vcan0 0CD2FEFE#67B6AD3E1D25AD36
(1668249208.168693) vcan0 0CF00DFE#C708B84E13699F05
(1668249209.169109) vcan0 04F032FE#9C6E1E3403A7AD79
(1668249210.169492) vcan0 0CF002FE#E153282DA0D7C042
(1668249211.170005) vcan0 18FE9EFE#EF2FE56544223B22
(1668249212.170543) vcan0 0CF003FE#C6505441FF7F6302
(1668249213.170938) vcan0 18FE98FE#506FB32393040020
(1668249214.171403) vcan0 18FE66FE#4BED9B4156428244
(1668249215.172123) vcan0 0CF013FE#5EACC224B81B8E14
(1668249216.172427) vcan0 18FE54FE#A9AE4C0CA2C41727
(1668249217.172740) vcan0 08FE6EFE#640A7F2F097BC565
(1668249218.173213) vcan0 18FE4BFE#779BD73BD0837D34
(1668249219.173574) vcan0 18FE50FE#F1CD24366DF29B68
(1668249220.173834) vcan0 18FE53FE#1FA902654E46C415
(1668249221.175087) vcan0 18FE4CFE#520B551F3D76A97B
(1668249222.176290) vcan0 18FE4CFE#F98F214D04C7FD3C
(1668249223.177414) vcan0 18FEA4FE#6AE2887A5436B160
(1668249224.178172) vcan0 18FE6AFE#57E5D41C9F234D22
(1668249225.178820) vcan0 18FEBDFE#E35DC15CFDCF0F47
(1668249226.179720) vcan0 0CF002FE#841EBC08A67E5C53
(1668249227.179925) vcan0 18FE8DFE#EDF401690A89DB02
(1668249228.180421) vcan0 08FE6EFE#74F0F47F8224B33E
(1668249229.180983) vcan0 04F032FE#0E55871C73F2D774
(1668249230.181306) vcan0 0C0BFEFE#AB60C732939BDA59
(1668249231.181627) vcan0 18FEA6FE#E843C80BE5A62F79
(1668249232.181871) vcan0 08F02DFE#6A490407DE365146
(1668249233.182351) vcan0 18FEADFE#EACEA3044819DA40
